This is pdfTeX, Version 3.14159265-2.6-1.40.19 (TeX Live 2018) (preloaded format=pdflatex 2018.4.16)  24 JAN 2019 02:15
entering extended mode
 restricted \write18 enabled.
 file:line:error style messages enabled.
 %&-line parsing enabled.
**LinkagePaper.tex
(./LinkagePaper.tex
LaTeX2e <2018-04-01> patch level 2
Babel <3.18> and hyphenation patterns for 84 language(s) loaded.
(/usr/local/texlive/2018/texmf-dist/tex/latex/amscls/amsart.cls
Document Class: amsart 2017/10/31 v2.20.4
\linespacing=\dimen102
\normalparindent=\dimen103
\normaltopskip=\skip41
(/usr/local/texlive/2018/texmf-dist/tex/latex/amsmath/amsmath.sty
Package: amsmath 2017/09/02 v2.17a AMS math features
\@mathmargin=\skip42

For additional information on amsmath, use the `?' option.
(/usr/local/texlive/2018/texmf-dist/tex/latex/amsmath/amstext.sty
Package: amstext 2000/06/29 v2.01 AMS text

(/usr/local/texlive/2018/texmf-dist/tex/latex/amsmath/amsgen.sty
File: amsgen.sty 1999/11/30 v2.0 generic functions
\@emptytoks=\toks14
\ex@=\dimen104
))
(/usr/local/texlive/2018/texmf-dist/tex/latex/amsmath/amsbsy.sty
Package: amsbsy 1999/11/29 v1.2d Bold Symbols
\pmbraise@=\dimen105
)
(/usr/local/texlive/2018/texmf-dist/tex/latex/amsmath/amsopn.sty
Package: amsopn 2016/03/08 v2.02 operator names
)
\inf@bad=\count80
LaTeX Info: Redefining \frac on input line 213.
\uproot@=\count81
\leftroot@=\count82
LaTeX Info: Redefining \overline on input line 375.
\classnum@=\count83
\DOTSCASE@=\count84
LaTeX Info: Redefining \ldots on input line 472.
LaTeX Info: Redefining \dots on input line 475.
LaTeX Info: Redefining \cdots on input line 596.
\Mathstrutbox@=\box26
\strutbox@=\box27
\big@size=\dimen106
LaTeX Font Info:    Redeclaring font encoding OML on input line 712.
LaTeX Font Info:    Redeclaring font encoding OMS on input line 713.
\macc@depth=\count85
\c@MaxMatrixCols=\count86
\dotsspace@=\muskip10
\c@parentequation=\count87
\dspbrk@lvl=\count88
\tag@help=\toks15
\row@=\count89
\column@=\count90
\maxfields@=\count91
\andhelp@=\toks16
\eqnshift@=\dimen107
\alignsep@=\dimen108
\tagshift@=\dimen109
\tagwidth@=\dimen110
\totwidth@=\dimen111
\lineht@=\dimen112
\@envbody=\toks17
\multlinegap=\skip43
\multlinetaggap=\skip44
\mathdisplay@stack=\toks18
LaTeX Info: Redefining \[ on input line 2817.
LaTeX Info: Redefining \] on input line 2818.
)
LaTeX Font Info:    Try loading font information for U+msa on input line 398.

(/usr/local/texlive/2018/texmf-dist/tex/latex/amsfonts/umsa.fd
File: umsa.fd 2013/01/14 v3.01 AMS symbols A
)
(/usr/local/texlive/2018/texmf-dist/tex/latex/amsfonts/amsfonts.sty
Package: amsfonts 2013/01/14 v3.01 Basic AMSFonts support
\symAMSa=\mathgroup4
\symAMSb=\mathgroup5
LaTeX Font Info:    Overwriting math alphabet `\mathfrak' in version `bold'
(Font)                  U/euf/m/n --> U/euf/b/n on input line 106.
)
\copyins=\insert199
\abstractbox=\box28
\listisep=\skip45
\c@part=\count92
\c@section=\count93
\c@subsection=\count94
\c@subsubsection=\count95
\c@paragraph=\count96
\c@subparagraph=\count97
\c@figure=\count98
\c@table=\count99
\abovecaptionskip=\skip46
\belowcaptionskip=\skip47
\captionindent=\dimen113
\thm@style=\toks19
\thm@bodyfont=\toks20
\thm@headfont=\toks21
\thm@notefont=\toks22
\thm@headpunct=\toks23
\thm@preskip=\skip48
\thm@postskip=\skip49
\thm@headsep=\skip50
\dth@everypar=\toks24
)
(/usr/local/texlive/2018/texmf-dist/tex/latex/geometry/geometry.sty
Package: geometry 2018/03/24 v5.7 Page Geometry

(/usr/local/texlive/2018/texmf-dist/tex/latex/graphics/keyval.sty
Package: keyval 2014/10/28 v1.15 key=value parser (DPC)
\KV@toks@=\toks25
)
(/usr/local/texlive/2018/texmf-dist/tex/generic/oberdiek/ifpdf.sty
Package: ifpdf 2017/03/15 v3.2 Provides the ifpdf switch
)
(/usr/local/texlive/2018/texmf-dist/tex/generic/oberdiek/ifvtex.sty
Package: ifvtex 2016/05/16 v1.6 Detect VTeX and its facilities (HO)
Package ifvtex Info: VTeX not detected.
)
(/usr/local/texlive/2018/texmf-dist/tex/generic/ifxetex/ifxetex.sty
Package: ifxetex 2010/09/12 v0.6 Provides ifxetex conditional
)
\Gm@cnth=\count100
\Gm@cntv=\count101
\c@Gm@tempcnt=\count102
\Gm@bindingoffset=\dimen114
\Gm@wd@mp=\dimen115
\Gm@odd@mp=\dimen116
\Gm@even@mp=\dimen117
\Gm@layoutwidth=\dimen118
\Gm@layoutheight=\dimen119
\Gm@layouthoffset=\dimen120
\Gm@layoutvoffset=\dimen121
\Gm@dimlist=\toks26
)
(/usr/local/texlive/2018/texmf-dist/tex/latex/parskip/parskip.sty
Package: parskip 2001/04/09 non-zero parskip adjustments


LaTeX Warning: Command \@starttoc  has changed.
               Check if current package is valid.

) (/usr/local/texlive/2018/texmf-dist/tex/latex/graphics/graphicx.sty
Package: graphicx 2017/06/01 v1.1a Enhanced LaTeX Graphics (DPC,SPQR)

(/usr/local/texlive/2018/texmf-dist/tex/latex/graphics/graphics.sty
Package: graphics 2017/06/25 v1.2c Standard LaTeX Graphics (DPC,SPQR)

(/usr/local/texlive/2018/texmf-dist/tex/latex/graphics/trig.sty
Package: trig 2016/01/03 v1.10 sin cos tan (DPC)
)
(/usr/local/texlive/2018/texmf-dist/tex/latex/graphics-cfg/graphics.cfg
File: graphics.cfg 2016/06/04 v1.11 sample graphics configuration
)
Package graphics Info: Driver file: pdftex.def on input line 99.

(/usr/local/texlive/2018/texmf-dist/tex/latex/graphics-def/pdftex.def
File: pdftex.def 2018/01/08 v1.0l Graphics/color driver for pdftex
))
\Gin@req@height=\dimen122
\Gin@req@width=\dimen123
)
(/usr/local/texlive/2018/texmf-dist/tex/latex/amsfonts/amssymb.sty
Package: amssymb 2013/01/14 v3.01 AMS font symbols
)
(/usr/local/texlive/2018/texmf-dist/tex/latex/oberdiek/epstopdf.sty
Package: epstopdf 2016/05/15 v2.6 Conversion with epstopdf on the fly (HO)

(/usr/local/texlive/2018/texmf-dist/tex/latex/oberdiek/epstopdf-base.sty
Package: epstopdf-base 2016/05/15 v2.6 Base part for package epstopdf

(/usr/local/texlive/2018/texmf-dist/tex/generic/oberdiek/infwarerr.sty
Package: infwarerr 2016/05/16 v1.4 Providing info/warning/error messages (HO)
)
(/usr/local/texlive/2018/texmf-dist/tex/latex/oberdiek/grfext.sty
Package: grfext 2016/05/16 v1.2 Manage graphics extensions (HO)

(/usr/local/texlive/2018/texmf-dist/tex/generic/oberdiek/kvdefinekeys.sty
Package: kvdefinekeys 2016/05/16 v1.4 Define keys (HO)

(/usr/local/texlive/2018/texmf-dist/tex/generic/oberdiek/ltxcmds.sty
Package: ltxcmds 2016/05/16 v1.23 LaTeX kernel commands for general use (HO)
)))
(/usr/local/texlive/2018/texmf-dist/tex/latex/oberdiek/kvoptions.sty
Package: kvoptions 2016/05/16 v3.12 Key value format for package options (HO)

(/usr/local/texlive/2018/texmf-dist/tex/generic/oberdiek/kvsetkeys.sty
Package: kvsetkeys 2016/05/16 v1.17 Key value parser (HO)

(/usr/local/texlive/2018/texmf-dist/tex/generic/oberdiek/etexcmds.sty
Package: etexcmds 2016/05/16 v1.6 Avoid name clashes with e-TeX commands (HO)

(/usr/local/texlive/2018/texmf-dist/tex/generic/oberdiek/ifluatex.sty
Package: ifluatex 2016/05/16 v1.4 Provides the ifluatex switch (HO)
Package ifluatex Info: LuaTeX not detected.
)
Package etexcmds Info: Could not find \expanded.
(etexcmds)             That can mean that you are not using pdfTeX 1.50 or
(etexcmds)             that some package has redefined \expanded.
(etexcmds)             In the latter case, load this package earlier.
)))
(/usr/local/texlive/2018/texmf-dist/tex/generic/oberdiek/pdftexcmds.sty
Package: pdftexcmds 2018/01/30 v0.27 Utility functions of pdfTeX for LuaTeX (HO
)
Package pdftexcmds Info: LuaTeX not detected.
Package pdftexcmds Info: \pdf@primitive is available.
Package pdftexcmds Info: \pdf@ifprimitive is available.
Package pdftexcmds Info: \pdfdraftmode found.
)
Package epstopdf-base Info: Redefining graphics rule for `.eps' on input line 4
38.
Package grfext Info: Graphics extension search list:
(grfext)             [.pdf,.png,.jpg,.mps,.jpeg,.jbig2,.jb2,.PDF,.PNG,.JPG,.JPE
G,.JBIG2,.JB2,.eps]
(grfext)             \AppendGraphicsExtensions on input line 456.

(/usr/local/texlive/2018/texmf-dist/tex/latex/latexconfig/epstopdf-sys.cfg
File: epstopdf-sys.cfg 2010/07/13 v1.3 Configuration of (r)epstopdf for TeX Liv
e
)))
(/usr/local/texlive/2018/texmf-dist/tex/latex/natbib/natbib.sty
Package: natbib 2010/09/13 8.31b (PWD, AO)
\bibhang=\skip51
\bibsep=\skip52
LaTeX Info: Redefining \cite on input line 694.
\c@NAT@ctr=\count103
)
(/usr/local/texlive/2018/texmf-dist/tex/latex/booktabs/booktabs.sty
Package: booktabs 2016/04/27 v1.618033 publication quality tables
\heavyrulewidth=\dimen124
\lightrulewidth=\dimen125
\cmidrulewidth=\dimen126
\belowrulesep=\dimen127
\belowbottomsep=\dimen128
\aboverulesep=\dimen129
\abovetopsep=\dimen130
\cmidrulesep=\dimen131
\cmidrulekern=\dimen132
\defaultaddspace=\dimen133
\@cmidla=\count104
\@cmidlb=\count105
\@aboverulesep=\dimen134
\@belowrulesep=\dimen135
\@thisruleclass=\count106
\@lastruleclass=\count107
\@thisrulewidth=\dimen136
)
(./LinkagePaper.aux)
Runaway argument?
{\contentsline {subsubsection}{\tocsubsubsection {}{6.3.2}{Beta 
./LinkagePaper.tex:25: File ended while scanning use of \@writefile.
<inserted text> 
                \par 
l.25 \begin{document}
                     
? 
\openout1 = `LinkagePaper.aux'.

LaTeX Font Info:    Checking defaults for OML/cmm/m/it on input line 25.
LaTeX Font Info:    ... okay on input line 25.
LaTeX Font Info:    Checking defaults for T1/cmr/m/n on input line 25.
LaTeX Font Info:    ... okay on input line 25.
LaTeX Font Info:    Checking defaults for OT1/cmr/m/n on input line 25.
LaTeX Font Info:    ... okay on input line 25.
LaTeX Font Info:    Checking defaults for OMS/cmsy/m/n on input line 25.
LaTeX Font Info:    ... okay on input line 25.
LaTeX Font Info:    Checking defaults for OMX/cmex/m/n on input line 25.
LaTeX Font Info:    ... okay on input line 25.
LaTeX Font Info:    Checking defaults for U/cmr/m/n on input line 25.
LaTeX Font Info:    ... okay on input line 25.
LaTeX Font Info:    Try loading font information for U+msa on input line 25.
(/usr/local/texlive/2018/texmf-dist/tex/latex/amsfonts/umsa.fd
File: umsa.fd 2013/01/14 v3.01 AMS symbols A
)
LaTeX Font Info:    Try loading font information for U+msb on input line 25.

(/usr/local/texlive/2018/texmf-dist/tex/latex/amsfonts/umsb.fd
File: umsb.fd 2013/01/14 v3.01 AMS symbols B
)
*geometry* driver: auto-detecting
*geometry* detected driver: pdftex
*geometry* verbose mode - [ preamble ] result:
* driver: pdftex
* paper: letterpaper
* layout: <same size as paper>
* layoutoffset:(h,v)=(0.0pt,0.0pt)
* modes: twoside 
* h-part:(L,W,R)=(72.26999pt, 469.75502pt, 72.26999pt)
* v-part:(T,H,B)=(72.26999pt, 650.43001pt, 72.26999pt)
* \paperwidth=614.295pt
* \paperheight=794.96999pt
* \textwidth=469.75502pt
* \textheight=628.43001pt
* \oddsidemargin=0.0pt
* \evensidemargin=0.0pt
* \topmargin=0.0pt
* \headheight=8.0pt
* \headsep=14.0pt
* \topskip=10.0pt
* \footskip=12.0pt
* \marginparwidth=90.0pt
* \marginparsep=11.0pt
* \columnsep=10.0pt
* \skip\footins=7.0pt plus 11.0pt
* \hoffset=0.0pt
* \voffset=0.0pt
* \mag=1000
* \@twocolumnfalse
* \@twosidetrue
* \@mparswitchtrue
* \@reversemarginfalse
* (1in=72.27pt=25.4mm, 1cm=28.453pt)

(/usr/local/texlive/2018/texmf-dist/tex/context/base/mkii/supp-pdf.mkii
[Loading MPS to PDF converter (version 2006.09.02).]
\scratchcounter=\count108
\scratchdimen=\dimen137
\scratchbox=\box29
\nofMPsegments=\count109
\nofMParguments=\count110
\everyMPshowfont=\toks27
\MPscratchCnt=\count111
\MPscratchDim=\dimen138
\MPnumerator=\count112
\makeMPintoPDFobject=\count113
\everyMPtoPDFconversion=\toks28
)

Package natbib Warning: Citation `ridder_moffitt_2007' on page 1 undefined on i
nput line 35.


Package natbib Warning: Citation `larsen_rubin_2001' on page 1 undefined on inp
ut line 39.


Package natbib Warning: Citation `sadinle_2017' on page 1 undefined on input li
ne 39.


Package natbib Warning: Citation `fs1969' on page 1 undefined on input line 47.


[1{/usr/local/texlive/2018/texmf-var/fonts/map/pdftex/updmap/pdftex.map}]

Package natbib Warning: Citation `winkler90' on page 2 undefined on input line 
52.


Package natbib Warning: Citation `sadinle_2017' on page 2 undefined on input li
ne 52.


Package natbib Warning: Citation `fs1969' on page 2 undefined on input line 64.



Package natbib Warning: Citation `bda3' on page 2 undefined on input line 64.


Package natbib Warning: Citation `herzog2007' on page 2 undefined on input line
 72.

[2]

Package natbib Warning: Citation `larsen_rubin_2001' on page 3 undefined on inp
ut line 89.

[3]

Package natbib Warning: Citation `larsen_rubin_2001' on page 4 undefined on inp
ut line 126.


LaTeX Warning: Reference `app:simple_gibbs' on page 4 undefined on input line 1
26.


Overfull \hbox (49.54599pt too wide) in paragraph at lines 126--127
\OT1/cmr/m/n/10.95 proach, that uses a Gibbs Sam-pling scheme[] for sim-u-lat-i
ng the pos-te-rior dis-tri-bu-tion of $\OML/cmm/m/it/10.95 I; \OT1/cmr/m/n/10.9
5 (\OML/cmm/m/it/10.95 p[]; p[]; p[]\OT1/cmr/m/n/10.95 )$. 
 []


Package natbib Warning: Citation `larsen_2005' on page 4 undefined on input lin
e 128.


LaTeX Warning: Reference `app:simple_gibbs' on page 4 undefined on input line 1
28.


Package natbib Warning: Citation `sadinle_2017' on page 4 undefined on input li
ne 130.


Package natbib Warning: Citation `sadinle_2017' on page 4 undefined on input li
ne 150.


Package natbib Warning: Citation `larsen_2005' on page 4 undefined on input lin
e 152.


LaTeX Warning: Reference `app:gibbsB' on page 4 undefined on input line 152.

[4]

LaTeX Warning: Reference `app:simple_gibbs' on page 5 undefined on input line 1
56.


LaTeX Warning: Reference `app:gibbsB' on page 5 undefined on input line 156.

[5]

Package natbib Warning: Citation `larsen_2005' on page 6 undefined on input lin
e 197.

<../Figures/mm/nM10/allTrace_nM10_L4.png, id=34, 794.97pt x 578.16pt>
File: ../Figures/mm/nM10/allTrace_nM10_L4.png Graphic file (type png)
<use ../Figures/mm/nM10/allTrace_nM10_L4.png>
Package pdftex.def Info: ../Figures/mm/nM10/allTrace_nM10_L4.png  used on input
 line 218.
(pdftex.def)             Requested size: 469.75502pt x 341.64958pt.
<../Figures/bpm/nM10/allTrace_nM10_L3.png, id=36, 794.97pt x 578.16pt>
File: ../Figures/bpm/nM10/allTrace_nM10_L3.png Graphic file (type png)
<use ../Figures/bpm/nM10/allTrace_nM10_L3.png>
Package pdftex.def Info: ../Figures/bpm/nM10/allTrace_nM10_L3.png  used on inpu
t line 227.
(pdftex.def)             Requested size: 469.75502pt x 341.64958pt.

Underfull \hbox (badness 2173) in paragraph at lines 228--228
\OT1/cmr/m/sc/10.95 Figure 2.\OT1/cmr/m/n/10.95 Trace plot of draws 85,000-100,
000 for $(\OML/cmm/m/it/10.95 p[]; p[]; p[]\OT1/cmr/m/n/10.95 )$ and the
 []


Underfull \hbox (badness 1629) in paragraph at lines 228--228
\OT1/cmr/m/n/10.95 like-li-hood of $\OML/cmm/m/it/10.95 Z$ \OT1/cmr/m/n/10.95 f
rom a Beta Record Link-age model with true pa-ram-e-ters
 []

<../Figures/mm/nM10/allParam_nM10_L5.png, id=37, 722.7pt x 1011.78pt>
File: ../Figures/mm/nM10/allParam_nM10_L5.png Graphic file (type png)
<use ../Figures/mm/nM10/allParam_nM10_L5.png>
Package pdftex.def Info: ../Figures/mm/nM10/allParam_nM10_L5.png  used on input
 line 236.
(pdftex.def)             Requested size: 422.77664pt x 591.8812pt.

Underfull \hbox (badness 3250) in paragraph at lines 238--238
\OT1/cmr/m/sc/10.95 Figure 3.\OT1/cmr/m/n/10.95 Histogram of 100,000 draws (bur
n-in = 5,000) from mix-ture
 []

<../Figures/bpm/nM10/allParam_nM10_L5.png, id=38, 722.7pt x 1011.78pt>
File: ../Figures/bpm/nM10/allParam_nM10_L5.png Graphic file (type png)
<use ../Figures/bpm/nM10/allParam_nM10_L5.png>
Package pdftex.def Info: ../Figures/bpm/nM10/allParam_nM10_L5.png  used on inpu
t line 246.
(pdftex.def)             Requested size: 422.77664pt x 591.8812pt.

LaTeX Warning: Float too large for page by 13.40117pt on input line 250.


LaTeX Warning: Reference `app:gibbsB' on page 6 undefined on input line 252.

[6] [7 <../Figures/mm/nM10/allTrace_nM10_L4.png>]
<../Figures/bpm/nM9/ZmatchesnM9_L3.png, id=47, 1011.78pt x 578.16pt>
File: ../Figures/bpm/nM9/ZmatchesnM9_L3.png Graphic file (type png)
<use ../Figures/bpm/nM9/ZmatchesnM9_L3.png>
Package pdftex.def Info: ../Figures/bpm/nM9/ZmatchesnM9_L3.png  used on input l
ine 269.
(pdftex.def)             Requested size: 469.75502pt x 268.4358pt.


LaTeX Warning: `!h' float specifier changed to `!ht'.


Underfull \vbox (badness 1147) has occurred while \output is active []

 [8 <../Figures/bpm/nM10/allTrace_nM10_L3.png>] [9 <../Figures/mm/nM10/allParam
_nM10_L5.png>] [10 <../Figures/bpm/nM10/allParam_nM10_L5.png>]

LaTeX Warning: Reference `ZtraceCond' on page 11 undefined on input line 283.

<../Figures/bpm/nM9/ZmatchesnM9_L3_cond.png, id=60, 1011.78pt x 578.16pt>
File: ../Figures/bpm/nM9/ZmatchesnM9_L3_cond.png Graphic file (type png)
<use ../Figures/bpm/nM9/ZmatchesnM9_L3_cond.png>
Package pdftex.def Info: ../Figures/bpm/nM9/ZmatchesnM9_L3_cond.png  used on in
put line 287.
(pdftex.def)             Requested size: 469.75502pt x 268.4358pt.

Underfull \hbox (badness 2762) in paragraph at lines 288--288
\OT1/cmr/m/sc/10.95 Figure 6.\OT1/cmr/m/n/10.95 Histogram of $\OML/cmm/m/it/10.
95 Z$ \OT1/cmr/m/n/10.95 draws for bi-par-tite match-ing (con-di-tional on
 []


Underfull \hbox (badness 1735) in paragraph at lines 288--288
\OT1/cmr/m/n/10.95 be-ing matched) from a Beta Record Link-age model with true 
pa-ram-e-ters
 []


LaTeX Warning: `!h' float specifier changed to `!ht'.

[11 <../Figures/bpm/nM9/ZmatchesnM9_L3.png>]

Package natbib Warning: Citation `fs1969' on page 12 undefined on input line 30
0.


Package natbib Warning: Citation `sadinle_2017' on page 12 undefined on input l
ine 300.


Package natbib Warning: Citation `sadinle_2017' on page 12 undefined on input l
ine 305.


Package natbib Warning: Citation `larsen_2005' on page 12 undefined on input li
ne 305.

[12 <../Figures/bpm/nM9/ZmatchesnM9_L3_cond.png>] [13] (./LinkagePaper.bbl
./LinkagePaper.bbl:22: Misplaced alignment tab character &.
l.22 \newblock CRC Press, Taylor &
                                   Francis Group, an informa business.
? 
) [14]

Package natbib Warning: Citation `larsen_2005' on page 15 undefined on input li
ne 330.


Package natbib Warning: Citation `brooks_gelman_1998' on page 15 undefined on i
nput line 346.


Package natbib Warning: Citation `gelman_rubin_1992' on page 15 undefined on in
put line 346.


Package natbib Warning: Citation `larsen_2005' on page 15 undefined on input li
ne 351.

[15] [16]

Package natbib Warning: There were undefined citations.

[17] (./LinkagePaper.aux

Package natbib Warning: Citation(s) may have changed.
(natbib)                Rerun to get citations correct.

)

LaTeX Warning: There were undefined references.


LaTeX Warning: Label(s) may have changed. Rerun to get cross-references right.

 ) 
Here is how much of TeX's memory you used:
 3789 strings out of 492649
 50415 string characters out of 6129622
 127555 words of memory out of 5000000
 7443 multiletter control sequences out of 15000+600000
 12839 words of font info for 49 fonts, out of 8000000 for 9000
 1302 hyphenation exceptions out of 8191
 42i,12n,37p,921b,214s stack positions out of 5000i,500n,10000p,200000b,80000s
</usr/local/texlive/2018/texmf-dist/fonts/type1/public/amsfonts/cm/cmbx10.pfb
></usr/local/texlive/2018/texmf-dist/fonts/type1/public/amsfonts/cm/cmbx6.pfb><
/usr/local/texlive/2018/texmf-dist/fonts/type1/public/amsfonts/cm/cmbx8.pfb></u
sr/local/texlive/2018/texmf-dist/fonts/type1/public/amsfonts/cm/cmbx9.pfb></usr
/local/texlive/2018/texmf-dist/fonts/type1/public/amsfonts/cm/cmcsc10.pfb></usr
/local/texlive/2018/texmf-dist/fonts/type1/public/amsfonts/cm/cmex10.pfb></usr/
local/texlive/2018/texmf-dist/fonts/type1/public/amsfonts/cm/cmmi10.pfb></usr/l
ocal/texlive/2018/texmf-dist/fonts/type1/public/amsfonts/cm/cmmi6.pfb></usr/loc
al/texlive/2018/texmf-dist/fonts/type1/public/amsfonts/cm/cmmi8.pfb></usr/local
/texlive/2018/texmf-dist/fonts/type1/public/amsfonts/cm/cmr10.pfb></usr/local/t
exlive/2018/texmf-dist/fonts/type1/public/amsfonts/cm/cmr6.pfb></usr/local/texl
ive/2018/texmf-dist/fonts/type1/public/amsfonts/cm/cmr8.pfb></usr/local/texlive
/2018/texmf-dist/fonts/type1/public/amsfonts/cm/cmr9.pfb></usr/local/texlive/20
18/texmf-dist/fonts/type1/public/amsfonts/cm/cmsy10.pfb></usr/local/texlive/201
8/texmf-dist/fonts/type1/public/amsfonts/cm/cmsy8.pfb></usr/local/texlive/2018/
texmf-dist/fonts/type1/public/amsfonts/cm/cmti10.pfb></usr/local/texlive/2018/t
exmf-dist/fonts/type1/public/amsfonts/cm/cmtt10.pfb>
Output written on LinkagePaper.pdf (17 pages, 478409 bytes).
PDF statistics:
 140 PDF objects out of 1000 (max. 8388607)
 91 compressed objects within 1 object stream
 0 named destinations out of 1000 (max. 500000)
 31 words of extra memory for PDF output out of 10000 (max. 10000000)

